<?xml version="1.0" encoding="UTF-8"?>
<!-- Generated by org.testng.reporters.JUnitReportReporter -->
<testsuite hostname="DESKTOP-E8MNP42" failures="0" tests="2" name="myStore.MakeOrder" time="16.826" errors="0" timestamp="2020-12-31T14:32:10 CET" skipped="0">
  <testcase classname="myStore.MakeOrder" name="makeOrder" time="13.405"/>
  <system-out/>
  <testcase classname="myStore.MakeOrder" name="logIn" time="3.421"/>
  <system-out/>
</testsuite> <!-- myStore.MakeOrder -->
