<?xml version="1.0" encoding="UTF-8"?>
<!-- Generated by org.testng.reporters.JUnitReportReporter -->
<testsuite hostname="DESKTOP-E8MNP42" failures="0" tests="2" name="TestingDemo.NewTest" time="16.830" errors="0" timestamp="2020-12-26T17:58:10 CET" skipped="0">
  <testcase classname="TestingDemo.NewTest" name="makeOrder" time="13.852"/>
  <system-out/>
  <testcase classname="TestingDemo.NewTest" name="logIn" time="2.978"/>
  <system-out/>
</testsuite> <!-- TestingDemo.NewTest -->
